<?xml version="1.0" encoding="UTF-8"?>
<!-- Generated by org.testng.reporters.JUnitXMLReporter -->
<testsuite ignored="0" hostname="arju" failures="0" tests="6" name="Test" time="1.152" errors="0" timestamp="2025-09-07T20:18:03 IST">
  <testcase classname="tests.RegistrationLogin" name="@BeforeClass setup" time="0.099">
    <failure type="java.lang.NoClassDefFoundError" message="org/openqa/selenium/manager/SeleniumManager">
      <![CDATA[java.lang.NoClassDefFoundError: org/openqa/selenium/manager/SeleniumManager
at org.openqa.selenium.remote.service.DriverFinder.<init>(DriverFinder.java:45)
at org.openqa.selenium.chrome.ChromeDriver.generateExecutor(ChromeDriver.java:98)
at org.openqa.selenium.chrome.ChromeDriver.<init>(ChromeDriver.java:88)
at org.openqa.selenium.chrome.ChromeDriver.<init>(ChromeDriver.java:83)
at org.openqa.selenium.chrome.ChromeDriver.<init>(ChromeDriver.java:51)
at tests.RegistrationLogin.setup(RegistrationLogin.java:46)
at java.base/java.util.ArrayList.forEach(ArrayList.java:1604)
Caused by: java.lang.ClassNotFoundException: org.openqa.selenium.manager.SeleniumManager
at java.base/jdk.internal.loader.BuiltinClassLoader.loadClass(BuiltinClassLoader.java:580)
at java.base/java.lang.ClassLoader.loadClass(ClassLoader.java:490)
... 30 more
... Removed 23 stack frames]]>
    </failure>
  </testcase> <!-- @BeforeClass setup -->
  <testcase classname="tests.RegistrationLogin" name="@AfterClass tearDown" time="0.0">
    <skipped/>
  </testcase> <!-- @AfterClass tearDown -->
  <testcase classname="tests.RegistrationLogin" name="testRegistration" time="0.0">
    <skipped/>
  </testcase> <!-- testRegistration -->
  <testcase classname="tests.RegistrationLogin" name="testRegistration" time="0.001">
    <skipped/>
  </testcase> <!-- testRegistration -->
  <testcase classname="tests.RegistrationLogin" name="testRegistration" time="0.0">
    <skipped/>
  </testcase> <!-- testRegistration -->
  <testcase classname="tests.RegistrationLogin" name="testLogin" time="0.0">
    <skipped/>
  </testcase> <!-- testLogin -->
  <testcase classname="tests.RegistrationLogin" name="testLogin" time="0.0">
    <skipped/>
  </testcase> <!-- testLogin -->
  <testcase classname="tests.RegistrationLogin" name="testLogin" time="0.0">
    <skipped/>
  </testcase> <!-- testLogin -->
</testsuite> <!-- Test -->
